[debug] [2024-09-12T15:00:14.151Z] ----------------------------------------------------------------------
[debug] [2024-09-12T15:00:14.152Z] Command:       /Users/monukumar/.nvm/versions/node/v20.11.1/bin/node /Users/monukumar/.nvm/versions/node/v20.11.1/bin/firebase login
[debug] [2024-09-12T15:00:14.152Z] CLI Version:   13.17.0
[debug] [2024-09-12T15:00:14.152Z] Platform:      darwin
[debug] [2024-09-12T15:00:14.152Z] Node Version:  v20.11.1
[debug] [2024-09-12T15:00:14.153Z] Time:          Thu Sep 12 2024 20:30:14 GMT+0530 (India Standard Time)
[debug] [2024-09-12T15:00:14.153Z] ----------------------------------------------------------------------
[debug] 
[debug] [2024-09-12T15:00:14.154Z] >>> [apiv2][query] GET https://firebase-public.firebaseio.com/cli.json [none]
[info] i  Firebase optionally collects CLI and Emulator Suite usage and error reporting information to help improve our products. Data is collected in accordance with Google's privacy policy (https://policies.google.com/privacy) and is not used to identify you.
 
[debug] [2024-09-12T15:00:15.307Z] <<< [apiv2][status] GET https://firebase-public.firebaseio.com/cli.json 200
[debug] [2024-09-12T15:00:15.307Z] <<< [apiv2][body] GET https://firebase-public.firebaseio.com/cli.json {"cloudBuildErrorAfter":1594252800000,"cloudBuildWarnAfter":1590019200000,"defaultNode10After":1594252800000,"minVersion":"3.0.5","node8DeploysDisabledAfter":1613390400000,"node8RuntimeDisabledAfter":1615809600000,"node8WarnAfter":1600128000000}
[info] i  To change your data collection preference at any time, run `firebase logout` and log in again. 
[info] 
[info] Visit this URL on this device to log in:
[info] https://accounts.google.com/o/oauth2/auth?client_id=563584335869-fgrhgmd47bqnekij5i8b5pr03ho849e6.apps.googleusercontent.com&scope=email%20openid%20https%3A%2F%2Fwww.googleapis.com%2Fauth%2Fcloudplatformprojects.readonly%20https%3A%2F%2Fwww.googleapis.com%2Fauth%2Ffirebase%20https%3A%2F%2Fwww.googleapis.com%2Fauth%2Fcloud-platform&response_type=code&state=1006576443&redirect_uri=http%3A%2F%2Flocalhost%3A9005
[info] 
[info] Waiting for authentication...
[debug] [2024-09-12T15:00:55.926Z] ----------------------------------------------------------------------
[debug] [2024-09-12T15:00:55.927Z] Command:       /Users/monukumar/.nvm/versions/node/v20.11.1/bin/node /Users/monukumar/.nvm/versions/node/v20.11.1/bin/firebase login
[debug] [2024-09-12T15:00:55.928Z] CLI Version:   13.17.0
[debug] [2024-09-12T15:00:55.928Z] Platform:      darwin
[debug] [2024-09-12T15:00:55.928Z] Node Version:  v20.11.1
[debug] [2024-09-12T15:00:55.928Z] Time:          Thu Sep 12 2024 20:30:55 GMT+0530 (India Standard Time)
[debug] [2024-09-12T15:00:55.928Z] ----------------------------------------------------------------------
[debug] 
[info] i  Firebase optionally collects CLI and Emulator Suite usage and error reporting information to help improve our products. Data is collected in accordance with Google's privacy policy (https://policies.google.com/privacy) and is not used to identify you.
 
[info] i  To change your data collection preference at any time, run `firebase logout` and log in again. 
[info] 
[info] Visit this URL on this device to log in:
[info] https://accounts.google.com/o/oauth2/auth?client_id=563584335869-fgrhgmd47bqnekij5i8b5pr03ho849e6.apps.googleusercontent.com&scope=email%20openid%20https%3A%2F%2Fwww.googleapis.com%2Fauth%2Fcloudplatformprojects.readonly%20https%3A%2F%2Fwww.googleapis.com%2Fauth%2Ffirebase%20https%3A%2F%2Fwww.googleapis.com%2Fauth%2Fcloud-platform&response_type=code&state=464983862&redirect_uri=http%3A%2F%2Flocalhost%3A9005
[info] 
[info] Waiting for authentication...
